2025-12-17T14:53:09: Get student by id error: Error: 学生不存在
    at StudentService.getStudentById (/home/devbox/project/arkok-v2/server/dist/services/student.service.js:111:19)
    at StudentRoutes.getStudentById (/home/devbox/project/arkok-v2/server/dist/routes/student.routes.js:584:29)
2025-12-17T16:46:51: Token verification error: JsonWebTokenError: invalid signature
    at /home/devbox/project/arkok-v2/server/node_modules/jsonwebtoken/verify.js:171:19
    at getSecret (/home/devbox/project/arkok-v2/server/node_modules/jsonwebtoken/verify.js:97:14)
    at Object.module.exports (/home/devbox/project/arkok-v2/server/node_modules/jsonwebtoken/verify.js:101:10)
    at AuthService.verifyToken (/home/devbox/project/arkok-v2/server/dist/services/auth.service.js:197:33)
    at /home/devbox/project/arkok-v2/server/dist/middleware/auth.middleware.js:23:34
    at Layer.handle [as handle_request] (/home/devbox/project/arkok-v2/server/node_modules/express/lib/router/layer.js:95:5)
    at trim_prefix (/home/devbox/project/arkok-v2/server/node_modules/express/lib/router/index.js:328:13)
    at /home/devbox/project/arkok-v2/server/node_modules/express/lib/router/index.js:286:9
    at Function.process_params (/home/devbox/project/arkok-v2/server/node_modules/express/lib/router/index.js:346:12)
    at next (/home/devbox/project/arkok-v2/server/node_modules/express/lib/router/index.js:280:10)
2025-12-17T18:12:22: 更新任务状态失败: Error: 任务记录不存在
    at LMSService.updateRecordStatus (/home/devbox/project/arkok-v2/server/dist/services/lms.service.js:545:23)
    at /home/devbox/project/arkok-v2/server/dist/routes/lms.routes.js:428:31
2025-12-17T18:12:22: ❌ Error in PATCH /api/lms/records/:recordId/status: Error: 更新任务状态失败
    at LMSService.updateRecordStatus (/home/devbox/project/arkok-v2/server/dist/services/lms.service.js:565:19)
    at /home/devbox/project/arkok-v2/server/dist/routes/lms.routes.js:428:31
