2025-12-16 11:35:46 +00:00: 
> arkok-v2-server@2.0.0 start
> node dist/index.js

2025-12-16 11:36:10 +00:00: 
> arkok-v2-server@2.0.0 start
> node dist/index.js

2025-12-16 14:42:22 +00:00: 2025-12-16 14:42:26 +00:00: 
> arkok-v2-server@2.0.0 start
> node dist/index.js

2025-12-16 14:42:36 +00:00: 
> arkok-v2-server@2.0.0 start
> node dist/index.js

2025-12-16 14:42:48 +00:00: 2025-12-16 14:42:53 +00:00: 
> arkok-v2-server@2.0.0 start
> node dist/index.js

2025-12-16 14:42:53 +00:00: 2025-12-16 14:42:57 +00:00: 
> arkok-v2-server@2.0.0 start
> node dist/index.js

2025-12-16 14:42:57 +00:00: 2025-12-16 14:43:01 +00:00: 
> arkok-v2-server@2.0.0 start
> node dist/index.js

2025-12-16 14:43:02 +00:00: 2025-12-16 14:43:06 +00:00: 
> arkok-v2-server@2.0.0 start
> node dist/index.js

2025-12-16 14:43:06 +00:00: 2025-12-16 14:43:10 +00:00: 
> arkok-v2-server@2.0.0 start
> node dist/index.js

2025-12-16 14:43:10 +00:00: 2025-12-16 14:43:14 +00:00: 
> arkok-v2-server@2.0.0 start
> node dist/index.js

2025-12-16 14:43:15 +00:00: 2025-12-16 14:43:19 +00:00: 
> arkok-v2-server@2.0.0 start
> node dist/index.js

2025-12-16 14:43:19 +00:00: 2025-12-16 14:43:23 +00:00: 
> arkok-v2-server@2.0.0 start
> node dist/index.js

2025-12-16 14:43:23 +00:00: 2025-12-16 14:43:28 +00:00: 
> arkok-v2-server@2.0.0 start
> node dist/index.js

2025-12-16 14:43:28 +00:00: 2025-12-16 14:43:32 +00:00: 
> arkok-v2-server@2.0.0 start
> node dist/index.js

2025-12-16 14:43:32 +00:00: 2025-12-16 14:43:36 +00:00: 
> arkok-v2-server@2.0.0 start
> node dist/index.js

2025-12-16 14:43:37 +00:00: 2025-12-16 14:43:37 +00:00: 2025-12-16 14:43:41 +00:00: 
> arkok-v2-server@2.0.0 start
> node dist/index.js

2025-12-16 14:43:41 +00:00: 2025-12-16 14:43:45 +00:00: 
> arkok-v2-server@2.0.0 start
> node dist/index.js

2025-12-16 14:43:45 +00:00: 2025-12-16 14:43:49 +00:00: 
> arkok-v2-server@2.0.0 start
> node dist/index.js

2025-12-16 14:43:50 +00:00: 2025-12-16 14:43:54 +00:00: 
> arkok-v2-server@2.0.0 start
> node dist/index.js

2025-12-16 14:43:54 +00:00: 2025-12-16 14:43:58 +00:00: 
> arkok-v2-server@2.0.0 start
> node dist/index.js

2025-12-16 14:43:58 +00:00: 2025-12-16 14:44:03 +00:00: 
> arkok-v2-server@2.0.0 start
> node dist/index.js

2025-12-16 14:44:03 +00:00: 2025-12-16 14:44:07 +00:00: 
> arkok-v2-server@2.0.0 start
> node dist/index.js

2025-12-16 14:44:07 +00:00: 2025-12-16 14:44:11 +00:00: 
> arkok-v2-server@2.0.0 start
> node dist/index.js

2025-12-16 14:44:12 +00:00: 2025-12-16 14:44:16 +00:00: 
> arkok-v2-server@2.0.0 start
> node dist/index.js

2025-12-16 14:44:16 +00:00: 2025-12-16 14:44:20 +00:00: 
> arkok-v2-server@2.0.0 start
> node dist/index.js

2025-12-16 14:47:28 +00:00: 
> arkok-v2-server@2.0.0 start
> node dist/index.js

2025-12-16 15:32:31 +00:00: 
> arkok-v2-server@2.0.0 start
> node dist/index.js

2025-12-16 15:34:52 +00:00: 
> arkok-v2-server@2.0.0 start
> node dist/index.js

2025-12-17 00:29:18 +00:00: 
> arkok-v2-server@2.0.0 start
> node dist/index.js

2025-12-17 00:29:18 +00:00: 2025-12-17 00:29:22 +00:00: 
> arkok-v2-server@2.0.0 start
> node dist/index.js

2025-12-17 00:29:22 +00:00: 2025-12-17 00:29:27 +00:00: 
> arkok-v2-server@2.0.0 start
> node dist/index.js

2025-12-17 00:29:27 +00:00: 2025-12-17 00:29:31 +00:00: 
> arkok-v2-server@2.0.0 start
> node dist/index.js

2025-12-17 00:29:31 +00:00: 2025-12-17 00:29:35 +00:00: 
> arkok-v2-server@2.0.0 start
> node dist/index.js

2025-12-17 00:29:36 +00:00: 2025-12-17 00:29:40 +00:00: 
> arkok-v2-server@2.0.0 start
> node dist/index.js

2025-12-17 00:29:40 +00:00: 2025-12-17 00:29:44 +00:00: 
> arkok-v2-server@2.0.0 start
> node dist/index.js

2025-12-17 00:29:44 +00:00: 2025-12-17 00:29:44 +00:00: 2025-12-17 00:29:48 +00:00: 
> arkok-v2-server@2.0.0 start
> node dist/index.js

2025-12-17 00:29:49 +00:00: 2025-12-17 00:29:53 +00:00: 
> arkok-v2-server@2.0.0 start
> node dist/index.js

2025-12-17 00:29:53 +00:00: 2025-12-17 00:29:57 +00:00: 
> arkok-v2-server@2.0.0 start
> node dist/index.js

2025-12-17 00:29:57 +00:00: 2025-12-17 00:29:57 +00:00: 